Change Component Footprint: Designator=C3 Old Footprint=C1206 New Footprint=6-0805_N
Change Component Footprint: Designator=R1 Old Footprint=C1206 New Footprint=6-0805_N
Change Component Footprint: Designator=R2 Old Footprint=C1206 New Footprint=6-0805_N
Change Component Footprint: Designator=R5 Old Footprint=C1206 New Footprint=6-0805_N
Change Component Footprint: Designator=R6 Old Footprint=C1206 New Footprint=6-0805_N
Change Component Footprint: Designator=R7 Old Footprint=C1206 New Footprint=6-0805_N
Change Component Footprint: Designator=R8 Old Footprint=C1206 New Footprint=6-0805_N
Change Component Footprint: Designator=R9 Old Footprint=C1206 New Footprint=6-0805_N
Change Component Footprint: Designator=R11 Old Footprint=C1206 New Footprint=6-0805_N
Change Component Footprint: Designator=R12 Old Footprint=C1206 New Footprint=6-0805_N
Change Component Footprint: Designator=P1 Old Footprint=HDR1X3 New Footprint=HDR1X2
Change Component Footprint: Designator=P2 Old Footprint=HDR1X4 New Footprint=HDR1X6
Change Component Footprint: Designator=J1 Old Footprint=KLD-0202 New Footprint=CUI_PJ-002A
Change Component Footprint: Designator=C1 Old Footprint=R38 New Footprint=6-0805_N
Change Component Footprint: Designator=C2 Old Footprint=R38 New Footprint=6-0805_N
Change Component Footprint: Designator=Q2 Old Footprint=SOP65P640X120-8N New Footprint=SOT95P240X120-3N
Change Component Footprint: Designator=S1 Old Footprint=SW_1-1825027-1 New Footprint=SW_EG1206
Change Component Footprint: Designator=Q1 Old Footprint=TO-226-AA New Footprint=SOP65P640X120-8N
Change Component Comment : Designator=P3 Old Comment=Button New Comment=BATT
Change Component Comment : Designator=P4 Old Comment=Button New Comment=BTN
Change Component Comment : Designator=C3 Old Comment=Cap New Comment=C 100n
Change Component Comment : Designator=C1 Old Comment=Cap Pol1 New Comment=C 100n
Change Component Comment : Designator=C2 Old Comment=Cap Pol1 New Comment=C 100n
Change Component Comment : Designator=U Old Comment=ESP8266-12E/ESP-12E New Comment=AO3401
Change Component Comment : Designator=Q2 Old Comment=FS8205A New Comment=MMBT3904
Change Component Comment : Designator=P2 Old Comment=Header 4 New Comment=Header 6
Change Component Comment : Designator=Q1 Old Comment=NPN New Comment=FS8205A
Change Component Comment : Designator=J1 Old Comment=PWR2.5 New Comment=PJ-002A
Change Component Comment : Designator=R2 Old Comment=Res1 New Comment=R 1.2K
Change Component Comment : Designator=R5 Old Comment=Res1 New Comment=R 10K
Change Component Comment : Designator=R6 Old Comment=Res1 New Comment=R 10K
Change Component Comment : Designator=R7 Old Comment=Res1 New Comment=R 10K
Change Component Comment : Designator=R8 Old Comment=Res1 New Comment=R 10K
Change Component Comment : Designator=R9 Old Comment=Res1 New Comment=R 10K
Change Component Comment : Designator=R11 Old Comment=Res1 New Comment=R 10K
Change Component Comment : Designator=R12 Old Comment=Res1 New Comment=R 10K
Change Component Comment : Designator=R1 Old Comment=Res1 New Comment=R 100
Change Component Comment : Designator=S1 Old Comment=SW-SPST New Comment=EG1206
Change Component Comment : Designator=P1 Old Comment=Switch New Comment=Buzzer
Change component parameters: Designator = "C3"; Footprint = "6-0805_N"; UniqueID = "\LQKGMNNB"
Change component parameters. Clean all parameters for all variants
Change component parameters (AddParameter): Name = "LatestRevisionDate"; Value = "17-Jul-2002"; VariantName = "[No Variations]"
Change component parameters (AddParameter): Name = "LatestRevisionNote"; Value = "Re-released for DXP Platform."; VariantName = "[No Variations]"
Change component parameters (AddParameter): Name = "PackageDescription"; Value = "Radial Cap, Thru-Hole; 2 Leads; 0.3 in Pin Spacing"; VariantName = "[No Variations]"
Change component parameters (AddParameter): Name = "PackageReference"; Value = "RAD-0.3"; VariantName = "[No Variations]"
Change component parameters (AddParameter): Name = "Published"; Value = "8-Jun-2000"; VariantName = "[No Variations]"
Change component parameters (AddParameter): Name = "Publisher"; Value = "Altium Limited"; VariantName = "[No Variations]"
Change component parameters (AddParameter): Name = "Value"; Value = "100n"; VariantName = "[No Variations]"
Change component parameters: Designator = "R1"; Footprint = "6-0805_N"; UniqueID = "\OVGUIMHV"
Change component parameters. Clean all parameters for all variants
Change component parameters (AddParameter): Name = "LatestRevisionDate"; Value = "17-Jul-2002"; VariantName = "[No Variations]"
Change component parameters (AddParameter): Name = "LatestRevisionNote"; Value = "Re-released for DXP Platform."; VariantName = "[No Variations]"
Change component parameters (AddParameter): Name = "PackageDescription"; Value = "Axial Device, Thru-Hole; 2 Leads; 0.3 in Pin Spacing"; VariantName = "[No Variations]"
Change component parameters (AddParameter): Name = "PackageReference"; Value = "AXIAL-0.3"; VariantName = "[No Variations]"
Change component parameters (AddParameter): Name = "Published"; Value = "8-Jun-2000"; VariantName = "[No Variations]"
Change component parameters (AddParameter): Name = "Publisher"; Value = "Altium Limited"; VariantName = "[No Variations]"
Change component parameters (AddParameter): Name = "Value"; Value = "100"; VariantName = "[No Variations]"
Change component parameters: Designator = "R2"; Footprint = "6-0805_N"; UniqueID = "\PMPYUATD"
Change component parameters. Clean all parameters for all variants
Change component parameters (AddParameter): Name = "LatestRevisionDate"; Value = "17-Jul-2002"; VariantName = "[No Variations]"
Change component parameters (AddParameter): Name = "LatestRevisionNote"; Value = "Re-released for DXP Platform."; VariantName = "[No Variations]"
Change component parameters (AddParameter): Name = "PackageDescription"; Value = "Axial Device, Thru-Hole; 2 Leads; 0.3 in Pin Spacing"; VariantName = "[No Variations]"
Change component parameters (AddParameter): Name = "PackageReference"; Value = "AXIAL-0.3"; VariantName = "[No Variations]"
Change component parameters (AddParameter): Name = "Published"; Value = "8-Jun-2000"; VariantName = "[No Variations]"
Change component parameters (AddParameter): Name = "Publisher"; Value = "Altium Limited"; VariantName = "[No Variations]"
Change component parameters (AddParameter): Name = "Value"; Value = "1.2K"; VariantName = "[No Variations]"
Change component parameters: Designator = "R5"; Footprint = "6-0805_N"; UniqueID = "\IWVLHMCU"
Change component parameters. Clean all parameters for all variants
Change component parameters (AddParameter): Name = "LatestRevisionDate"; Value = "17-Jul-2002"; VariantName = "[No Variations]"
Change component parameters (AddParameter): Name = "LatestRevisionNote"; Value = "Re-released for DXP Platform."; VariantName = "[No Variations]"
Change component parameters (AddParameter): Name = "PackageDescription"; Value = "Axial Device, Thru-Hole; 2 Leads; 0.3 in Pin Spacing"; VariantName = "[No Variations]"
Change component parameters (AddParameter): Name = "PackageReference"; Value = "AXIAL-0.3"; VariantName = "[No Variations]"
Change component parameters (AddParameter): Name = "Published"; Value = "8-Jun-2000"; VariantName = "[No Variations]"
Change component parameters (AddParameter): Name = "Publisher"; Value = "Altium Limited"; VariantName = "[No Variations]"
Change component parameters (AddParameter): Name = "Value"; Value = "10K"; VariantName = "[No Variations]"
Change component parameters: Designator = "R6"; Footprint = "6-0805_N"; UniqueID = "\FEFEYRFC"
Change component parameters. Clean all parameters for all variants
Change component parameters (AddParameter): Name = "LatestRevisionDate"; Value = "17-Jul-2002"; VariantName = "[No Variations]"
Change component parameters (AddParameter): Name = "LatestRevisionNote"; Value = "Re-released for DXP Platform."; VariantName = "[No Variations]"
Change component parameters (AddParameter): Name = "PackageDescription"; Value = "Axial Device, Thru-Hole; 2 Leads; 0.3 in Pin Spacing"; VariantName = "[No Variations]"
Change component parameters (AddParameter): Name = "PackageReference"; Value = "AXIAL-0.3"; VariantName = "[No Variations]"
Change component parameters (AddParameter): Name = "Published"; Value = "8-Jun-2000"; VariantName = "[No Variations]"
Change component parameters (AddParameter): Name = "Publisher"; Value = "Altium Limited"; VariantName = "[No Variations]"
Change component parameters (AddParameter): Name = "Value"; Value = "10K"; VariantName = "[No Variations]"
Change component parameters: Designator = "R7"; Footprint = "6-0805_N"; UniqueID = "\JJNSQZPN"
Change component parameters. Clean all parameters for all variants
Change component parameters (AddParameter): Name = "LatestRevisionDate"; Value = "17-Jul-2002"; VariantName = "[No Variations]"
Change component parameters (AddParameter): Name = "LatestRevisionNote"; Value = "Re-released for DXP Platform."; VariantName = "[No Variations]"
Change component parameters (AddParameter): Name = "PackageDescription"; Value = "Axial Device, Thru-Hole; 2 Leads; 0.3 in Pin Spacing"; VariantName = "[No Variations]"
Change component parameters (AddParameter): Name = "PackageReference"; Value = "AXIAL-0.3"; VariantName = "[No Variations]"
Change component parameters (AddParameter): Name = "Published"; Value = "8-Jun-2000"; VariantName = "[No Variations]"
Change component parameters (AddParameter): Name = "Publisher"; Value = "Altium Limited"; VariantName = "[No Variations]"
Change component parameters (AddParameter): Name = "Value"; Value = "10K"; VariantName = "[No Variations]"
Change component parameters: Designator = "R8"; Footprint = "6-0805_N"; UniqueID = "\UKIELTQE"
Change component parameters. Clean all parameters for all variants
Change component parameters (AddParameter): Name = "LatestRevisionDate"; Value = "17-Jul-2002"; VariantName = "[No Variations]"
Change component parameters (AddParameter): Name = "LatestRevisionNote"; Value = "Re-released for DXP Platform."; VariantName = "[No Variations]"
Change component parameters (AddParameter): Name = "PackageDescription"; Value = "Axial Device, Thru-Hole; 2 Leads; 0.3 in Pin Spacing"; VariantName = "[No Variations]"
Change component parameters (AddParameter): Name = "PackageReference"; Value = "AXIAL-0.3"; VariantName = "[No Variations]"
Change component parameters (AddParameter): Name = "Published"; Value = "8-Jun-2000"; VariantName = "[No Variations]"
Change component parameters (AddParameter): Name = "Publisher"; Value = "Altium Limited"; VariantName = "[No Variations]"
Change component parameters (AddParameter): Name = "Value"; Value = "10K"; VariantName = "[No Variations]"
Change component parameters: Designator = "R9"; Footprint = "6-0805_N"; UniqueID = "\REEFZWLI"
Change component parameters. Clean all parameters for all variants
Change component parameters (AddParameter): Name = "LatestRevisionDate"; Value = "17-Jul-2002"; VariantName = "[No Variations]"
Change component parameters (AddParameter): Name = "LatestRevisionNote"; Value = "Re-released for DXP Platform."; VariantName = "[No Variations]"
Change component parameters (AddParameter): Name = "PackageDescription"; Value = "Axial Device, Thru-Hole; 2 Leads; 0.3 in Pin Spacing"; VariantName = "[No Variations]"
Change component parameters (AddParameter): Name = "PackageReference"; Value = "AXIAL-0.3"; VariantName = "[No Variations]"
Change component parameters (AddParameter): Name = "Published"; Value = "8-Jun-2000"; VariantName = "[No Variations]"
Change component parameters (AddParameter): Name = "Publisher"; Value = "Altium Limited"; VariantName = "[No Variations]"
Change component parameters (AddParameter): Name = "Value"; Value = "10K"; VariantName = "[No Variations]"
Change component parameters: Designator = "R11"; Footprint = "6-0805_N"; UniqueID = "\VOVAYXUX"
Change component parameters. Clean all parameters for all variants
Change component parameters (AddParameter): Name = "LatestRevisionDate"; Value = "17-Jul-2002"; VariantName = "[No Variations]"
Change component parameters (AddParameter): Name = "LatestRevisionNote"; Value = "Re-released for DXP Platform."; VariantName = "[No Variations]"
Change component parameters (AddParameter): Name = "PackageDescription"; Value = "Axial Device, Thru-Hole; 2 Leads; 0.3 in Pin Spacing"; VariantName = "[No Variations]"
Change component parameters (AddParameter): Name = "PackageReference"; Value = "AXIAL-0.3"; VariantName = "[No Variations]"
Change component parameters (AddParameter): Name = "Published"; Value = "8-Jun-2000"; VariantName = "[No Variations]"
Change component parameters (AddParameter): Name = "Publisher"; Value = "Altium Limited"; VariantName = "[No Variations]"
Change component parameters (AddParameter): Name = "Value"; Value = "10K"; VariantName = "[No Variations]"
Change component parameters: Designator = "R12"; Footprint = "6-0805_N"; UniqueID = "\TAODONFH"
Change component parameters. Clean all parameters for all variants
Change component parameters (AddParameter): Name = "LatestRevisionDate"; Value = "17-Jul-2002"; VariantName = "[No Variations]"
Change component parameters (AddParameter): Name = "LatestRevisionNote"; Value = "Re-released for DXP Platform."; VariantName = "[No Variations]"
Change component parameters (AddParameter): Name = "PackageDescription"; Value = "Axial Device, Thru-Hole; 2 Leads; 0.3 in Pin Spacing"; VariantName = "[No Variations]"
Change component parameters (AddParameter): Name = "PackageReference"; Value = "AXIAL-0.3"; VariantName = "[No Variations]"
Change component parameters (AddParameter): Name = "Published"; Value = "8-Jun-2000"; VariantName = "[No Variations]"
Change component parameters (AddParameter): Name = "Publisher"; Value = "Altium Limited"; VariantName = "[No Variations]"
Change component parameters (AddParameter): Name = "Value"; Value = "10K"; VariantName = "[No Variations]"
Change component parameters: Designator = "C1"; Footprint = "6-0805_N"; UniqueID = "\RSAQYGCA"
Change component parameters. Clean all parameters for all variants
Change component parameters (AddParameter): Name = "LatestRevisionDate"; Value = "17-Jul-2002"; VariantName = "[No Variations]"
Change component parameters (AddParameter): Name = "LatestRevisionNote"; Value = "Re-released for DXP Platform."; VariantName = "[No Variations]"
Change component parameters (AddParameter): Name = "PackageDescription"; Value = "Radial Cap, Thru-Hole; 2 Leads; 0.3 in Pin Spacing"; VariantName = "[No Variations]"
Change component parameters (AddParameter): Name = "PackageReference"; Value = "RAD-0.3"; VariantName = "[No Variations]"
Change component parameters (AddParameter): Name = "Published"; Value = "8-Jun-2000"; VariantName = "[No Variations]"
Change component parameters (AddParameter): Name = "Publisher"; Value = "Altium Limited"; VariantName = "[No Variations]"
Change component parameters (AddParameter): Name = "Value"; Value = "100n"; VariantName = "[No Variations]"
Change component parameters: Designator = "C2"; Footprint = "6-0805_N"; UniqueID = "\LFQOETDX"
Change component parameters. Clean all parameters for all variants
Change component parameters (AddParameter): Name = "LatestRevisionDate"; Value = "17-Jul-2002"; VariantName = "[No Variations]"
Change component parameters (AddParameter): Name = "LatestRevisionNote"; Value = "Re-released for DXP Platform."; VariantName = "[No Variations]"
Change component parameters (AddParameter): Name = "PackageDescription"; Value = "Radial Cap, Thru-Hole; 2 Leads; 0.3 in Pin Spacing"; VariantName = "[No Variations]"
Change component parameters (AddParameter): Name = "PackageReference"; Value = "RAD-0.3"; VariantName = "[No Variations]"
Change component parameters (AddParameter): Name = "Published"; Value = "8-Jun-2000"; VariantName = "[No Variations]"
Change component parameters (AddParameter): Name = "Publisher"; Value = "Altium Limited"; VariantName = "[No Variations]"
Change component parameters (AddParameter): Name = "Value"; Value = "100n"; VariantName = "[No Variations]"
Change component parameters: Designator = "Q2"; Footprint = "SOT95P240X120-3N"; UniqueID = "\MFBRLUHM"
Change component parameters. Clean all parameters for all variants
Change component parameters (AddParameter): Name = "Availability"; Value = "Unavailable"; VariantName = "[No Variations]"
Change component parameters (AddParameter): Name = "MF"; Value = "STMicroelectronics"; VariantName = "[No Variations]"
Change component parameters (AddParameter): Name = "MP"; Value = "MMBT3904"; VariantName = "[No Variations]"
Change component parameters (AddParameter): Name = "Package"; Value = "SOT-23-3 Taiwan Semiconductor"; VariantName = "[No Variations]"
Change component parameters (AddParameter): Name = "Price"; Value = "None"; VariantName = "[No Variations]"
Change component parameters (AddParameter): Name = "SnapEDA_Link"; Value = "https://www.snapeda.com/parts/MMBT3904/STMicroelectronics/view-part/2875870/?ref=snap"; VariantName = "[No Variations]"
Change component parameters (AddParameter): Name = "Value"; Value = ""; VariantName = "[No Variations]"
Change component parameters: Designator = "U"; Footprint = "SOT23-3"; UniqueID = "\SPVIXXRI"
Change component parameters. Clean all parameters for all variants
Change component parameters (AddParameter): Name = "Arrow_Electronics-Purchase-URL"; Value = "https://snapeda.com/shop?store=Arrow+Electronics&id=4795619"; VariantName = "[No Variations]"
Change component parameters (AddParameter): Name = "Availability"; Value = "Warning"; VariantName = "[No Variations]"
Change component parameters (AddParameter): Name = "BuyPart"; Value = "https://www.snapeda.com/parts/AO3401/Alpha%20&%20Omega%20Semiconductor/view-part/4795619/?ref=eda"; VariantName = "[No Variations]"
Change component parameters (AddParameter): Name = "MF"; Value = "Alpha & Omega Semiconductor"; VariantName = "[No Variations]"
Change component parameters (AddParameter): Name = "MP"; Value = "AO3401"; VariantName = "[No Variations]"
Change component parameters (AddParameter): Name = "Package"; Value = "SOT-23-3 Alpha &amp; Omega Semiconductor"; VariantName = "[No Variations]"
Change component parameters (AddParameter): Name = "Price"; Value = "None"; VariantName = "[No Variations]"
Change component parameters (AddParameter): Name = "SnapEDA_Link"; Value = "https://www.snapeda.com/parts/AO3401/Alpha%20&%20Omega%20Semiconductor/view-part/4795619/?ref=snap"; VariantName = "[No Variations]"
Change component parameters (AddParameter): Name = "Value"; Value = ""; VariantName = "[No Variations]"
Change component parameters: Designator = "S1"; Footprint = "SW_EG1206"; UniqueID = "\LOOXEOUI"
Change component parameters. Clean all parameters for all variants
Change component parameters (AddParameter): Name = "Availability"; Value = "Unavailable"; VariantName = "[No Variations]"
Change component parameters (AddParameter): Name = "MF"; Value = ""; VariantName = "[No Variations]"
Change component parameters (AddParameter): Name = "MP"; Value = "EG1206"; VariantName = "[No Variations]"
Change component parameters (AddParameter): Name = "Package"; Value = "None"; VariantName = "[No Variations]"
Change component parameters (AddParameter): Name = "Price"; Value = "None"; VariantName = "[No Variations]"
Change component parameters (AddParameter): Name = "Value"; Value = ""; VariantName = "[No Variations]"
Change component parameters: Designator = "Q1"; Footprint = "SOP65P640X120-8N"; UniqueID = "\MCSUHEPJ"
Change component parameters. Clean all parameters for all variants
Change component parameters (AddParameter): Name = "Availability"; Value = "Not in stock"; VariantName = "[No Variations]"
Change component parameters (AddParameter): Name = "Check_prices"; Value = "https://www.snapeda.com/parts/FS8205A/Fortune+Semiconductor/view-part/?ref=eda"; VariantName = "[No Variations]"
Change component parameters (AddParameter): Name = "MF"; Value = "Fortune Semiconductor"; VariantName = "[No Variations]"
Change component parameters (AddParameter): Name = "MP"; Value = "FS8205A"; VariantName = "[No Variations]"
Change component parameters (AddParameter): Name = "Package"; Value = "Package"; VariantName = "[No Variations]"
Change component parameters (AddParameter): Name = "Price"; Value = "None"; VariantName = "[No Variations]"
Change component parameters (AddParameter): Name = "SnapEDA_Link"; Value = "https://www.snapeda.com/parts/FS8205A/Fortune+Semiconductor/view-part/?ref=snap"; VariantName = "[No Variations]"
Change component parameters (AddParameter): Name = "Value"; Value = ""; VariantName = "[No Variations]"
Change component parameters: Designator = "J1"; Footprint = "CUI_PJ-002A"; UniqueID = "\MUBAFPZL"
Change component parameters. Clean all parameters for all variants
Change component parameters (AddParameter): Name = "Availability"; Value = "In Stock"; VariantName = "[No Variations]"
Change component parameters (AddParameter): Name = "Check_prices"; Value = "https://www.snapeda.com/parts/PJ-002A/CUI+Devices/view-part/?ref=eda"; VariantName = "[No Variations]"
Change component parameters (AddParameter): Name = "CUI_purchase_URL"; Value = "https://www.cuidevices.com/product/interconnect/connectors/dc-power-connectors/jacks/pj-002a?utm_source=snapeda.com&utm_medium=referral&utm_campaign=snapedaBOM"; VariantName = "[No Variations]"
Change component parameters (AddParameter): Name = "MF"; Value = "CUI Devices"; VariantName = "[No Variations]"
Change component parameters (AddParameter): Name = "MP"; Value = "PJ-002A"; VariantName = "[No Variations]"
Change component parameters (AddParameter): Name = "Package"; Value = "None"; VariantName = "[No Variations]"
Change component parameters (AddParameter): Name = "Price"; Value = "None"; VariantName = "[No Variations]"
Change component parameters (AddParameter): Name = "Purchase-URL"; Value = "https://pricing.snapeda.com/search/part/PJ-002A/?ref=eda"; VariantName = "[No Variations]"
Change component parameters (AddParameter): Name = "SnapEDA_Link"; Value = "https://www.snapeda.com/parts/PJ-002A/CUI+Devices/view-part/?ref=snap"; VariantName = "[No Variations]"
Change component parameters (AddParameter): Name = "Value"; Value = ""; VariantName = "[No Variations]"
Added Component: Designator=D1(DIOM5227X270N)
Add component. Clean all parameters for all variants
Add component (AddParameter): Name = "Availability"; Value = "In Stock"; VariantName = "[No Variations]"
Add component (AddParameter): Name = "Check_prices"; Value = "https://www.snapeda.com/parts/S1M/Diotec/view-part/?ref=eda"; VariantName = "[No Variations]"
Add component (AddParameter): Name = "MF"; Value = "Diotec Semiconductor"; VariantName = "[No Variations]"
Add component (AddParameter): Name = "MP"; Value = "S1M"; VariantName = "[No Variations]"
Add component (AddParameter): Name = "Package"; Value = "DO-214AC-2 Diotec"; VariantName = "[No Variations]"
Add component (AddParameter): Name = "Price"; Value = "None"; VariantName = "[No Variations]"
Add component (AddParameter): Name = "Purchase-URL"; Value = "https://pricing.snapeda.com/search/part/S1M/?ref=eda"; VariantName = "[No Variations]"
Add component (AddParameter): Name = "SnapEDA_Link"; Value = "https://www.snapeda.com/parts/S1M/Diotec/view-part/?ref=snap"; VariantName = "[No Variations]"
Add component (AddParameter): Name = "Value"; Value = ""; VariantName = "[No Variations]"
Added Component: Designator=J2(ESP32-WROOM-32E)
Add component. Clean all parameters for all variants
Add component (AddParameter): Name = "Availability"; Value = "In Stock"; VariantName = "[No Variations]"
Add component (AddParameter): Name = "Check_prices"; Value = "https://www.snapeda.com/parts/ESP32-WROOM-32E/Espressif+Systems/view-part/?ref=eda"; VariantName = "[No Variations]"
Add component (AddParameter): Name = "MF"; Value = "Espressif Systems"; VariantName = "[No Variations]"
Add component (AddParameter): Name = "MP"; Value = "ESP32-WROOM-32E"; VariantName = "[No Variations]"
Add component (AddParameter): Name = "Package"; Value = "SMD-44 Espressif Systems"; VariantName = "[No Variations]"
Add component (AddParameter): Name = "Price"; Value = "None"; VariantName = "[No Variations]"
Add component (AddParameter): Name = "SnapEDA_Link"; Value = "https://www.snapeda.com/parts/ESP32-WROOM-32E/Espressif+Systems/view-part/?ref=snap"; VariantName = "[No Variations]"
Add component (AddParameter): Name = "Value"; Value = ""; VariantName = "[No Variations]"
Added Component: Designator=Q(SOT95P240X120-3N)
Add component. Clean all parameters for all variants
Add component (AddParameter): Name = "Availability"; Value = "Unavailable"; VariantName = "[No Variations]"
Add component (AddParameter): Name = "MF"; Value = "STMicroelectronics"; VariantName = "[No Variations]"
Add component (AddParameter): Name = "MP"; Value = "MMBT3904"; VariantName = "[No Variations]"
Add component (AddParameter): Name = "Package"; Value = "SOT-23-3 Taiwan Semiconductor"; VariantName = "[No Variations]"
Add component (AddParameter): Name = "Price"; Value = "None"; VariantName = "[No Variations]"
Add component (AddParameter): Name = "SnapEDA_Link"; Value = "https://www.snapeda.com/parts/MMBT3904/STMicroelectronics/view-part/2875870/?ref=snap"; VariantName = "[No Variations]"
Add component (AddParameter): Name = "Value"; Value = ""; VariantName = "[No Variations]"
Added Component: Designator=R3(6-0805_N)
Add component. Clean all parameters for all variants
Add component (AddParameter): Name = "LatestRevisionDate"; Value = "17-Jul-2002"; VariantName = "[No Variations]"
Add component (AddParameter): Name = "LatestRevisionNote"; Value = "Re-released for DXP Platform."; VariantName = "[No Variations]"
Add component (AddParameter): Name = "PackageDescription"; Value = "Axial Device, Thru-Hole; 2 Leads; 0.3 in Pin Spacing"; VariantName = "[No Variations]"
Add component (AddParameter): Name = "PackageReference"; Value = "AXIAL-0.3"; VariantName = "[No Variations]"
Add component (AddParameter): Name = "Published"; Value = "8-Jun-2000"; VariantName = "[No Variations]"
Add component (AddParameter): Name = "Publisher"; Value = "Altium Limited"; VariantName = "[No Variations]"
Add component (AddParameter): Name = "Value"; Value = "1K"; VariantName = "[No Variations]"
Added Component: Designator=R4(6-0805_N)
Add component. Clean all parameters for all variants
Add component (AddParameter): Name = "LatestRevisionDate"; Value = "17-Jul-2002"; VariantName = "[No Variations]"
Add component (AddParameter): Name = "LatestRevisionNote"; Value = "Re-released for DXP Platform."; VariantName = "[No Variations]"
Add component (AddParameter): Name = "PackageDescription"; Value = "Axial Device, Thru-Hole; 2 Leads; 0.3 in Pin Spacing"; VariantName = "[No Variations]"
Add component (AddParameter): Name = "PackageReference"; Value = "AXIAL-0.3"; VariantName = "[No Variations]"
Add component (AddParameter): Name = "Published"; Value = "8-Jun-2000"; VariantName = "[No Variations]"
Add component (AddParameter): Name = "Publisher"; Value = "Altium Limited"; VariantName = "[No Variations]"
Add component (AddParameter): Name = "Value"; Value = "1K"; VariantName = "[No Variations]"
Added Component: Designator=R10(6-0805_N)
Add component. Clean all parameters for all variants
Add component (AddParameter): Name = "LatestRevisionDate"; Value = "17-Jul-2002"; VariantName = "[No Variations]"
Add component (AddParameter): Name = "LatestRevisionNote"; Value = "Re-released for DXP Platform."; VariantName = "[No Variations]"
Add component (AddParameter): Name = "PackageDescription"; Value = "Axial Device, Thru-Hole; 2 Leads; 0.3 in Pin Spacing"; VariantName = "[No Variations]"
Add component (AddParameter): Name = "PackageReference"; Value = "AXIAL-0.3"; VariantName = "[No Variations]"
Add component (AddParameter): Name = "Published"; Value = "8-Jun-2000"; VariantName = "[No Variations]"
Add component (AddParameter): Name = "Publisher"; Value = "Altium Limited"; VariantName = "[No Variations]"
Add component (AddParameter): Name = "Value"; Value = "1K"; VariantName = "[No Variations]"
Added Component: Designator=R13(6-0805_N)
Add component. Clean all parameters for all variants
Add component (AddParameter): Name = "LatestRevisionDate"; Value = "17-Jul-2002"; VariantName = "[No Variations]"
Add component (AddParameter): Name = "LatestRevisionNote"; Value = "Re-released for DXP Platform."; VariantName = "[No Variations]"
Add component (AddParameter): Name = "PackageDescription"; Value = "Axial Device, Thru-Hole; 2 Leads; 0.3 in Pin Spacing"; VariantName = "[No Variations]"
Add component (AddParameter): Name = "PackageReference"; Value = "AXIAL-0.3"; VariantName = "[No Variations]"
Add component (AddParameter): Name = "Published"; Value = "8-Jun-2000"; VariantName = "[No Variations]"
Add component (AddParameter): Name = "Publisher"; Value = "Altium Limited"; VariantName = "[No Variations]"
Add component (AddParameter): Name = "Value"; Value = "10K"; VariantName = "[No Variations]"
Added Component: Designator=R14(6-0805_N)
Add component. Clean all parameters for all variants
Add component (AddParameter): Name = "LatestRevisionDate"; Value = "17-Jul-2002"; VariantName = "[No Variations]"
Add component (AddParameter): Name = "LatestRevisionNote"; Value = "Re-released for DXP Platform."; VariantName = "[No Variations]"
Add component (AddParameter): Name = "PackageDescription"; Value = "Axial Device, Thru-Hole; 2 Leads; 0.3 in Pin Spacing"; VariantName = "[No Variations]"
Add component (AddParameter): Name = "PackageReference"; Value = "AXIAL-0.3"; VariantName = "[No Variations]"
Add component (AddParameter): Name = "Published"; Value = "8-Jun-2000"; VariantName = "[No Variations]"
Add component (AddParameter): Name = "Publisher"; Value = "Altium Limited"; VariantName = "[No Variations]"
Add component (AddParameter): Name = "Value"; Value = "10K"; VariantName = "[No Variations]"
Added Component: Designator=SW1(SW_1825027-5)
Add component. Clean all parameters for all variants
Add component (AddParameter): Name = "Check_prices"; Value = "https://www.snapeda.com/parts/1825027-5/TE+Connectivity+ALCOSWITCH+Switches/view-part/?ref=eda"; VariantName = "[No Variations]"
Add component (AddParameter): Name = "Digi-Key_Part_Number"; Value = "450-1662-ND"; VariantName = "[No Variations]"
Add component (AddParameter): Name = "EU_RoHS_Compliance"; Value = "Compliant"; VariantName = "[No Variations]"
Add component (AddParameter): Name = "MF"; Value = "TE Connectivity"; VariantName = "[No Variations]"
Add component (AddParameter): Name = "MP"; Value = "1825027-5"; VariantName = "[No Variations]"
Add component (AddParameter): Name = "Package"; Value = "None"; VariantName = "[No Variations]"
Add component (AddParameter): Name = "Purchase-URL"; Value = "https://pricing.snapeda.com/search/part/1825027-5/?ref=eda"; VariantName = "[No Variations]"
Add component (AddParameter): Name = "SnapEDA_Link"; Value = "https://www.snapeda.com/parts/1825027-5/TE+Connectivity+ALCOSWITCH+Switches/view-part/?ref=snap"; VariantName = "[No Variations]"
Add component (AddParameter): Name = "Value"; Value = ""; VariantName = "[No Variations]"
Added Component: Designator=U1(SOP127P600X175-9N)
Add component. Clean all parameters for all variants
Add component (AddParameter): Name = "Availability"; Value = "Not in stock"; VariantName = "[No Variations]"
Add component (AddParameter): Name = "Check_prices"; Value = "https://www.snapeda.com/parts/TP4056/NanJing+Top+Power+ASIC+Corp./view-part/?ref=eda"; VariantName = "[No Variations]"
Add component (AddParameter): Name = "MF"; Value = "NanJing Top Power ASIC Corp."; VariantName = "[No Variations]"
Add component (AddParameter): Name = "MP"; Value = "TP4056"; VariantName = "[No Variations]"
Add component (AddParameter): Name = "Package"; Value = "Package"; VariantName = "[No Variations]"
Add component (AddParameter): Name = "Price"; Value = "None"; VariantName = "[No Variations]"
Add component (AddParameter): Name = "SnapEDA_Link"; Value = "https://www.snapeda.com/parts/TP4056/NanJing+Top+Power+ASIC+Corp./view-part/?ref=snap"; VariantName = "[No Variations]"
Add component (AddParameter): Name = "Value"; Value = ""; VariantName = "[No Variations]"
Added Component: Designator=U2(SOT95P280X145-6N)
Add component. Clean all parameters for all variants
Add component (AddParameter): Name = "Check_prices"; Value = "https://www.snapeda.com/parts/DW01A/Fortune+Semiconductor/view-part/?ref=eda"; VariantName = "[No Variations]"
Add component (AddParameter): Name = "MF"; Value = "Fortune Semiconductor"; VariantName = "[No Variations]"
Add component (AddParameter): Name = "MP"; Value = "DW01A"; VariantName = "[No Variations]"
Add component (AddParameter): Name = "Package"; Value = "SOT-23-6 Fortune Semiconductor"; VariantName = "[No Variations]"
Add component (AddParameter): Name = "SnapEDA_Link"; Value = "https://www.snapeda.com/parts/DW01A/Fortune+Semiconductor/view-part/?ref=snap"; VariantName = "[No Variations]"
Add component (AddParameter): Name = "Value"; Value = ""; VariantName = "[No Variations]"
Added Pin To Net: NetName=+5 Pin=C1-2
Added Pin To Net: NetName=+5 Pin=J1-1
Added Pin To Net: NetName=+5 Pin=U1-4
Added Pin To Net: NetName=+5 Pin=U1-8
Added Net: Name=+5
Added Pin To Net: NetName=B+ Pin=C3-2
Added Pin To Net: NetName=B+ Pin=R1-2
Added Pin To Net: NetName=B+ Pin=R6-2
Added Pin To Net: NetName=B+ Pin=S1-2
Added Pin To Net: NetName=B+ Pin=U1-5
Added Pin To Net: NetName=B+ Pin=U-3
Added Net: Name=B+
Added Pin To Net: NetName=B- Pin=C2-1
Added Pin To Net: NetName=B- Pin=Q1-2
Added Pin To Net: NetName=B- Pin=Q1-3
Added Pin To Net: NetName=B- Pin=U2-6
Added Net: Name=B-
Added Pin To Net: NetName=Bat+ Pin=P3-1
Added Net: Name=Bat+
Added Pin To Net: NetName=Bat- Pin=P3-2
Added Net: Name=Bat-
Added Pin To Net: NetName=BAT_ADC Pin=J2-4
Added Pin To Net: NetName=BAT_ADC Pin=R11-1
Added Pin To Net: NetName=BAT_ADC Pin=R12-2
Added Net: Name=BAT_ADC
Added Pin To Net: NetName=BAT_CHRG Pin=J2-6
Added Pin To Net: NetName=BAT_CHRG Pin=R9-1
Added Pin To Net: NetName=BAT_CHRG Pin=U1-7
Added Net: Name=BAT_CHRG
Added Pin To Net: NetName=BAT_EN Pin=J2-5
Added Pin To Net: NetName=BAT_EN Pin=R10-1
Added Net: Name=BAT_EN
Added Pin To Net: NetName=BTN_EM Pin=J2-12
Added Pin To Net: NetName=BTN_EM Pin=P4-1
Added Pin To Net: NetName=BTN_EM Pin=R13-1
Added Net: Name=BTN_EM
Added Pin To Net: NetName=BUZ1 Pin=D1-C
Added Pin To Net: NetName=BUZ1 Pin=J2-2
Added Pin To Net: NetName=BUZ1 Pin=P1-1
Added Pin To Net: NetName=BUZ1 Pin=P2-6
Added Pin To Net: NetName=BUZ1 Pin=R7-2
Added Pin To Net: NetName=BUZ1 Pin=R8-2
Added Pin To Net: NetName=BUZ1 Pin=R9-2
Added Pin To Net: NetName=BUZ1 Pin=R13-2
Added Pin To Net: NetName=BUZ1 Pin=R14-2
Added Net: Name=BUZ1
Added Pin To Net: NetName=BUZ2 Pin=P1-2
Added Pin To Net: NetName=BUZ2 Pin=Q2-3
Added Net: Name=BUZ2
Added Pin To Net: NetName=BUZZ Pin=J2-10
Added Pin To Net: NetName=BUZZ Pin=R4-1
Added Net: Name=BUZZ
Added Pin To Net: NetName=ESP_BOOT Pin=J2-25
Added Pin To Net: NetName=ESP_BOOT Pin=P2-4
Added Pin To Net: NetName=ESP_BOOT Pin=R8-1
Added Net: Name=ESP_BOOT
Added Pin To Net: NetName=ESP_EN Pin=J2-3
Added Pin To Net: NetName=ESP_EN Pin=P2-5
Added Pin To Net: NetName=ESP_EN Pin=R7-1
Added Net: Name=ESP_EN
Added Pin To Net: NetName=GND Pin=C1-1
Added Pin To Net: NetName=GND Pin=C3-1
Added Pin To Net: NetName=GND Pin=J1-2
Added Pin To Net: NetName=GND Pin=J2-1
Added Pin To Net: NetName=GND Pin=P2-1
Added Pin To Net: NetName=GND Pin=P4-2
Added Pin To Net: NetName=GND Pin=Q1-6
Added Pin To Net: NetName=GND Pin=Q1-7
Added Pin To Net: NetName=GND Pin=Q2-2
Added Pin To Net: NetName=GND Pin=Q-2
Added Pin To Net: NetName=GND Pin=R2-2
Added Pin To Net: NetName=GND Pin=R3-2
Added Pin To Net: NetName=GND Pin=R12-1
Added Pin To Net: NetName=GND Pin=SW1-2
Added Pin To Net: NetName=GND Pin=U1-1
Added Pin To Net: NetName=GND Pin=U1-3
Added Net: Name=GND
Added Pin To Net: NetName=NetC2_2 Pin=C2-2
Added Pin To Net: NetName=NetC2_2 Pin=R1-1
Added Pin To Net: NetName=NetC2_2 Pin=U2-5
Added Net: Name=NetC2_2
Added Pin To Net: NetName=NetQ1_1 Pin=Q1-1
Added Pin To Net: NetName=NetQ1_1 Pin=Q1-8
Added Net: Name=NetQ1_1
Added Pin To Net: NetName=NetQ2_1 Pin=Q2-1
Added Pin To Net: NetName=NetQ2_1 Pin=R4-2
Added Net: Name=NetQ2_1
Added Pin To Net: NetName=NetQ_1 Pin=Q-1
Added Pin To Net: NetName=NetQ_1 Pin=R10-2
Added Net: Name=NetQ_1
Added Pin To Net: NetName=NetQ_3 Pin=Q-3
Added Pin To Net: NetName=NetQ_3 Pin=R6-1
Added Pin To Net: NetName=NetQ_3 Pin=U-1
Added Net: Name=NetQ_3
Added Pin To Net: NetName=NetR2_1 Pin=R2-1
Added Pin To Net: NetName=NetR2_1 Pin=U1-2
Added Net: Name=NetR2_1
Added Pin To Net: NetName=NetR3_1 Pin=R3-1
Added Pin To Net: NetName=NetR3_1 Pin=U2-2
Added Net: Name=NetR3_1
Added Pin To Net: NetName=NetR11_2 Pin=R11-2
Added Pin To Net: NetName=NetR11_2 Pin=U-2
Added Net: Name=NetR11_2
Added Pin To Net: NetName=OC Pin=Q1-5
Added Pin To Net: NetName=OC Pin=U2-3
Added Net: Name=OC
Added Pin To Net: NetName=OD Pin=Q1-4
Added Pin To Net: NetName=OD Pin=U2-1
Added Net: Name=OD
Added Pin To Net: NetName=OUT+1 Pin=D1-A
Added Pin To Net: NetName=OUT+1 Pin=S1-1
Added Net: Name=OUT+1
Added Pin To Net: NetName=RST_WIFI Pin=J2-11
Added Pin To Net: NetName=RST_WIFI Pin=R14-1
Added Pin To Net: NetName=RST_WIFI Pin=SW1-1
Added Net: Name=RST_WIFI
Added Pin To Net: NetName=RX0 Pin=J2-34
Added Pin To Net: NetName=RX0 Pin=P2-2
Added Net: Name=RX0
Added Pin To Net: NetName=TX0 Pin=J2-35
Added Pin To Net: NetName=TX0 Pin=P2-3
Added Net: Name=TX0
Added Class: Name=Emergency_Button_v1_3
