Removed Pin From Net: NetName=OUT+1 Pin=P?-1
Removed Pin From Net: NetName=VCC Pin=P?-2
Removed Member From Class: ClassName=Emergency_Button_v1_3 Member=P?
Change Component Designator: OldDesignator=S? NewDesignator=S1
Added Component: Designator=P5(HDR1X7)
Add component. Clean all parameters for all variants
Add component (AddParameter): Name = "LatestRevisionDate"; Value = "17-Jul-2002"; VariantName = "[No Variations]"
Add component (AddParameter): Name = "LatestRevisionNote"; Value = "Re-released for DXP Platform."; VariantName = "[No Variations]"
Add component (AddParameter): Name = "Publisher"; Value = "Altium Limited"; VariantName = "[No Variations]"
Added Component: Designator=P6(HDR1X7)
Add component. Clean all parameters for all variants
Add component (AddParameter): Name = "LatestRevisionDate"; Value = "17-Jul-2002"; VariantName = "[No Variations]"
Add component (AddParameter): Name = "LatestRevisionNote"; Value = "Re-released for DXP Platform."; VariantName = "[No Variations]"
Add component (AddParameter): Name = "Publisher"; Value = "Altium Limited"; VariantName = "[No Variations]"
Added Pin To Net: NetName=OUT+1 Pin=P5-1
Added Pin To Net: NetName=VCC Pin=P5-2
Added Pin To Net: NetName=BUZZ Pin=P5-3
Added Pin To Net: NetName=BTN_EM Pin=P5-4
Added Pin To Net: NetName=RST_WIFI Pin=P5-5
Added Pin To Net: NetName=BAT_CHRG Pin=P5-6
Added Pin To Net: NetName=GND Pin=P5-7
Added Pin To Net: NetName=OUT+1 Pin=P6-1
Added Pin To Net: NetName=VCC Pin=P6-2
Added Pin To Net: NetName=BUZZ Pin=P6-3
Added Pin To Net: NetName=BTN_EM Pin=P6-4
Added Pin To Net: NetName=RST_WIFI Pin=P6-5
Added Pin To Net: NetName=BAT_CHRG Pin=P6-6
Added Pin To Net: NetName=GND Pin=P6-7
Added Member To Class: ClassName=Emergency_Button_v1_3 Member=Component P5 Header 7
Added Member To Class: ClassName=Emergency_Button_v1_3 Member=Component P6 Header 7
