Removed Pin From Net: NetName=OUT+1 Pin=P1-1
Removed Pin From Net: NetName=VCC Pin=P1-2
Removed Pin From Net: NetName=BUZ2 Pin=P1-3
Removed Pin From Net: NetName=BTN_EM Pin=P1-4
Removed Pin From Net: NetName=RST_WIFI Pin=P1-5
Removed Pin From Net: NetName=BAT_CHRG Pin=P1-6
Removed Pin From Net: NetName=GND Pin=P1-7
Removed Pin From Net: NetName=OUT+1 Pin=P2-1
Removed Pin From Net: NetName=VCC Pin=P2-2
Removed Pin From Net: NetName=BUZ2 Pin=P2-3
Removed Pin From Net: NetName=BTN_EM Pin=P2-4
Removed Pin From Net: NetName=RST_WIFI Pin=P2-5
Removed Pin From Net: NetName=BAT_CHRG Pin=P2-6
Removed Pin From Net: NetName=GND Pin=P2-7
Removed Member From Class: ClassName=Emergency_Button_v2_0 Member=P1
Removed Member From Class: ClassName=Emergency_Button_v2_0 Member=P2
Added Component: Designator=P?(HDR1X9)
Add component. Clean all parameters for all variants
Add component (AddParameter): Name = "LatestRevisionDate"; Value = "17-Jul-2002"; VariantName = "[No Variations]"
Add component (AddParameter): Name = "LatestRevisionNote"; Value = "Re-released for DXP Platform."; VariantName = "[No Variations]"
Add component (AddParameter): Name = "Publisher"; Value = "Altium Limited"; VariantName = "[No Variations]"
Added Component: Designator=P?(HDR1X9)
Add component. Clean all parameters for all variants
Add component (AddParameter): Name = "LatestRevisionDate"; Value = "17-Jul-2002"; VariantName = "[No Variations]"
Add component (AddParameter): Name = "LatestRevisionNote"; Value = "Re-released for DXP Platform."; VariantName = "[No Variations]"
Add component (AddParameter): Name = "Publisher"; Value = "Altium Limited"; VariantName = "[No Variations]"
Added Pin To Net: NetName=VCC Pin=P?-2
Added Pin To Net: NetName=VCC Pin=P?-2
Added Pin To Net: NetName=BUZ2 Pin=P?-3
Added Pin To Net: NetName=BUZ2 Pin=P?-3
Added Pin To Net: NetName=BTN_EM Pin=P?-4
Added Pin To Net: NetName=BTN_EM Pin=P?-4
Added Pin To Net: NetName=RST_WIFI Pin=P?-5
Added Pin To Net: NetName=RST_WIFI Pin=P?-5
Added Pin To Net: NetName=BAT_CHRG Pin=P?-6
Added Pin To Net: NetName=BAT_CHRG Pin=P?-6
Added Pin To Net: NetName=GND Pin=P?-7
Added Pin To Net: NetName=GND Pin=P?-7
Added Pin To Net: NetName=NetP?_1 Pin=P?-1
Added Pin To Net: NetName=NetP?_1 Pin=P?-1
Added Net: Name=NetP?_1
Added Pin To Net: NetName=NetP?_8 Pin=P?-8
Added Pin To Net: NetName=NetP?_8 Pin=P?-8
Added Net: Name=NetP?_8
Added Pin To Net: NetName=NetP?_9 Pin=P?-9
Added Pin To Net: NetName=NetP?_9 Pin=P?-9
Added Net: Name=NetP?_9
Added Member To Class: ClassName=Emergency_Button_v2_0 Member=Component P? Header 9
Added Member To Class: ClassName=Emergency_Button_v2_0 Member=Component P? Header 9
Added Member To Class: ClassName=Emergency_Button_v2_0 Member=Component R4 R 10K
Added Member To Class: ClassName=Emergency_Button_v2_0 Member=Component R5 R 10K
Added Member To Class: ClassName=Emergency_Button_v2_0 Member=Component R7 R 120
Added Member To Class: ClassName=Emergency_Button_v2_0 Member=Component R9 R 10K
Added Member To Class: ClassName=Emergency_Button_v2_0 Member=Component R10 R 10K
Added Member To Class: ClassName=Emergency_Button_v2_0 Member=Component R12 R 10K
Added Member To Class: ClassName=Emergency_Button_v2_0 Member=Component R14 R 10K
Added Member To Class: ClassName=Emergency_Button_v2_0 Member=Component R16 R 10K
Added Member To Class: ClassName=Emergency_Button_v2_0 Member=Component R18 R 1K
